c:\users\kwan\source\repos\mathlibrary\mathlibrary\debug\mathlibrary.pch
c:\users\kwan\source\repos\mathlibrary\mathlibrary\debug\vc142.pdb
c:\users\kwan\source\repos\mathlibrary\mathlibrary\debug\vc142.idb
c:\users\kwan\source\repos\mathlibrary\mathlibrary\debug\pch.obj
c:\users\kwan\source\repos\mathlibrary\mathlibrary\debug\dllmain.obj
c:\users\kwan\source\repos\mathlibrary\mathlibrary\debug\kmatrix.obj
c:\users\kwan\source\repos\mathlibrary\debug\mathlibrary.dll
c:\users\kwan\source\repos\mathlibrary\mathlibrary\debug\mathlibrary.ilk
c:\users\kwan\source\repos\mathlibrary\debug\mathlibrary.pdb
c:\users\kwan\source\repos\mathlibrary\debug\mathlibrary.lib
c:\users\kwan\source\repos\mathlibrary\debug\mathlibrary.exp
c:\users\kwan\source\repos\mathlibrary\mathlibrary\debug\mathlibrary.obj
c:\users\kwan\source\repos\mathlibrary\mathlibrary\debug\matrix.obj
c:\users\kwan\source\repos\mathlibrary\mathlibrary\debug\mathlibrary.tlog\cl.command.1.tlog
c:\users\kwan\source\repos\mathlibrary\mathlibrary\debug\mathlibrary.tlog\cl.read.1.tlog
c:\users\kwan\source\repos\mathlibrary\mathlibrary\debug\mathlibrary.tlog\cl.write.1.tlog
c:\users\kwan\source\repos\mathlibrary\mathlibrary\debug\mathlibrary.tlog\link.1164.delete.1.tlog
c:\users\kwan\source\repos\mathlibrary\mathlibrary\debug\mathlibrary.tlog\link.12240.delete.1.tlog
c:\users\kwan\source\repos\mathlibrary\mathlibrary\debug\mathlibrary.tlog\link.12484.delete.1.tlog
c:\users\kwan\source\repos\mathlibrary\mathlibrary\debug\mathlibrary.tlog\link.13568.delete.1.tlog
c:\users\kwan\source\repos\mathlibrary\mathlibrary\debug\mathlibrary.tlog\link.18488.delete.1.tlog
c:\users\kwan\source\repos\mathlibrary\mathlibrary\debug\mathlibrary.tlog\link.19036.delete.1.tlog
c:\users\kwan\source\repos\mathlibrary\mathlibrary\debug\mathlibrary.tlog\link.19728.delete.1.tlog
c:\users\kwan\source\repos\mathlibrary\mathlibrary\debug\mathlibrary.tlog\link.21316.delete.1.tlog
c:\users\kwan\source\repos\mathlibrary\mathlibrary\debug\mathlibrary.tlog\link.24572.delete.1.tlog
c:\users\kwan\source\repos\mathlibrary\mathlibrary\debug\mathlibrary.tlog\link.6372.delete.1.tlog
c:\users\kwan\source\repos\mathlibrary\mathlibrary\debug\mathlibrary.tlog\link.8380.delete.1.tlog
c:\users\kwan\source\repos\mathlibrary\mathlibrary\debug\mathlibrary.tlog\link.command.1.tlog
c:\users\kwan\source\repos\mathlibrary\mathlibrary\debug\mathlibrary.tlog\link.delete.1.tlog
c:\users\kwan\source\repos\mathlibrary\mathlibrary\debug\mathlibrary.tlog\link.read.1.tlog
c:\users\kwan\source\repos\mathlibrary\mathlibrary\debug\mathlibrary.tlog\link.write.1.tlog
c:\users\kwan\source\repos\mathlibrary\mathlibrary\debug\mathlibrary.tlog\mathlibrary.write.1u.tlog
